mode: count
html/template/js.go:28.49,30.17 2 0
html/template/js.go:35.2,35.40 1 0
html/template/js.go:99.2,99.19 1 0
html/template/js.go:30.17,32.3 1 0
html/template/js.go:36.16,41.36 2 0
html/template/js.go:44.3,44.23 1 0
html/template/js.go:49.3,49.20 1 0
html/template/js.go:50.11,52.47 1 0
html/template/js.go:55.3,55.21 1 0
html/template/js.go:58.56,59.21 1 0
html/template/js.go:62.16,63.21 1 0
html/template/js.go:66.16,67.21 1 0
html/template/js.go:70.21,71.21 1 0
html/template/js.go:83.11,84.21 1 0
html/template/js.go:85.10,89.44 2 0
html/template/js.go:92.3,92.44 1 0
html/template/js.go:41.36,43.4 1 0
html/template/js.go:44.23,48.4 1 0
html/template/js.go:52.47,54.4 1 0
html/template/js.go:89.44,91.4 1 0
html/template/js.go:92.44,94.4 1 0
html/template/js.go:125.41,130.14 1 0
html/template/js.go:134.2,135.89 2 0
html/template/js.go:138.2,138.22 1 0
html/template/js.go:130.14,132.3 1 0
html/template/js.go:135.89,137.3 1 0
html/template/js.go:143.39,145.20 2 0
html/template/js.go:166.2,167.16 2 0
html/template/js.go:182.2,182.17 1 0
html/template/js.go:187.2,193.9 5 0
html/template/js.go:196.2,199.26 2 0
html/template/js.go:214.2,214.20 1 0
html/template/js.go:221.2,221.18 1 0
html/template/js.go:145.20,147.24 2 0
html/template/js.go:148.11,149.20 1 0
html/template/js.go:150.14,152.32 1 0
html/template/js.go:153.23,153.23 0 0
html/template/js.go:155.21,156.18 1 0
html/template/js.go:158.8,159.28 1 0
html/template/js.go:162.3,162.26 1 0
html/template/js.go:159.28,161.4 1 0
html/template/js.go:167.16,175.3 1 0
html/template/js.go:182.17,186.3 1 0
html/template/js.go:193.9,195.3 1 0
html/template/js.go:199.26,202.21 3 0
html/template/js.go:207.3,207.17 1 0
html/template/js.go:212.3,212.9 1 0
html/template/js.go:202.21,204.4 1 0
html/template/js.go:204.9,204.28 1 0
html/template/js.go:204.28,206.4 1 0
html/template/js.go:207.17,211.4 3 0
html/template/js.go:214.20,216.10 2 0
html/template/js.go:219.3,219.22 1 0
html/template/js.go:216.10,218.4 1 0
html/template/js.go:227.39,229.27 2 0
html/template/js.go:232.2,232.42 1 0
html/template/js.go:229.27,231.3 1 0
html/template/js.go:239.42,242.13 3 0
html/template/js.go:246.2,246.10 1 0
html/template/js.go:242.13,245.3 1 0
html/template/js.go:254.58,257.33 3 0
html/template/js.go:280.2,280.18 1 0
html/template/js.go:283.2,284.19 2 0
html/template/js.go:257.33,261.10 3 0
html/template/js.go:273.3,273.19 1 0
html/template/js.go:276.3,278.18 3 0
html/template/js.go:262.49,263.40 1 0
html/template/js.go:264.68,265.30 1 0
html/template/js.go:266.22,267.19 1 0
html/template/js.go:268.22,269.19 1 0
html/template/js.go:270.11,271.12 1 0
html/template/js.go:273.19,275.4 1 0
html/template/js.go:280.18,282.3 1 0
html/template/js.go:375.33,376.9 1 0
html/template/js.go:388.2,388.14 1 0
html/template/js.go:377.16,378.14 1 0
html/template/js.go:379.28,380.14 1 0
html/template/js.go:381.28,382.14 1 0
html/template/js.go:383.16,384.14 1 0
html/template/js.go:385.28,386.14 1 0
html/template/js.go:394.37,404.18 4 0
html/template/js.go:424.23,425.14 1 0
html/template/js.go:426.10,427.15 1 0
html/template/html.go:15.45,17.26 2 0
html/template/html.go:20.2,20.60 1 0
html/template/html.go:17.26,19.3 1 0
html/template/html.go:24.38,26.26 2 0
html/template/html.go:29.2,29.52 1 0
html/template/html.go:26.26,28.3 1 0
html/template/html.go:33.40,35.26 2 0
html/template/html.go:38.2,38.52 1 0
html/template/html.go:35.26,37.3 1 0
html/template/html.go:42.38,44.26 2 1
html/template/html.go:47.2,47.52 1 1
html/template/html.go:44.26,46.3 1 0
html/template/html.go:139.78,142.33 3 1
html/template/html.go:167.2,167.18 1 1
html/template/html.go:170.2,171.19 2 0
html/template/html.go:142.33,147.37 2 8
html/template/html.go:147.37,148.51 1 1
html/template/html.go:148.51,149.21 1 0
html/template/html.go:152.5,154.20 3 0
html/template/html.go:149.21,151.6 1 0
html/template/html.go:156.9,156.22 1 7
html/template/html.go:156.23,159.4 0 7
html/template/html.go:159.9,159.70 1 0
html/template/html.go:159.70,160.20 1 0
html/template/html.go:163.4,164.19 2 0
html/template/html.go:160.20,162.5 1 0
html/template/html.go:167.18,169.3 1 1
html/template/html.go:176.36,181.18 3 0
html/template/html.go:218.2,218.13 1 0
html/template/html.go:223.2,223.19 1 0
html/template/html.go:181.18,182.27 1 0
html/template/html.go:208.3,209.13 2 0
html/template/html.go:212.3,212.36 1 0
html/template/html.go:216.3,216.58 1 0
html/template/html.go:182.27,185.48 2 0
html/template/html.go:188.4,190.54 3 0
html/template/html.go:205.4,206.12 2 0
html/template/html.go:185.48,187.5 1 0
html/template/html.go:190.54,193.27 2 0
html/template/html.go:201.5,201.20 1 0
html/template/html.go:193.27,194.37 1 0
html/template/html.go:194.37,195.23 1 0
html/template/html.go:195.23,197.13 2 0
html/template/html.go:202.10,204.5 1 0
html/template/html.go:209.13,210.9 1 0
html/template/html.go:212.36,215.4 1 0
html/template/html.go:218.13,220.3 1 0
html/template/html.go:220.8,220.59 1 0
html/template/html.go:220.59,222.3 1 0
html/template/html.go:228.41,230.30 2 0
html/template/html.go:233.2,233.17 1 0
html/template/html.go:241.2,242.45 2 0
html/template/html.go:246.2,246.22 1 0
html/template/html.go:254.2,254.10 1 0
html/template/html.go:230.30,232.3 1 0
html/template/html.go:233.17,240.3 1 0
html/template/html.go:242.45,245.3 1 0
html/template/html.go:246.22,247.10 1 0
html/template/html.go:248.29,248.29 0 0
html/template/html.go:249.29,249.29 0 0
html/template/html.go:250.11,251.25 1 0
html/template/html.go:263.41,265.2 1 0
html/template/content.go:115.26,116.14 1 1
html/template/content.go:119.2,119.57 1 1
html/template/content.go:123.2,124.48 2 0
html/template/content.go:127.2,127.22 1 0
html/template/content.go:116.14,118.3 1 0
html/template/content.go:119.57,122.3 1 1
html/template/content.go:124.48,126.3 1 0
html/template/content.go:138.43,139.14 1 0
html/template/content.go:142.2,143.124 2 0
html/template/content.go:146.2,146.22 1 0
html/template/content.go:139.14,141.3 1 0
html/template/content.go:143.124,145.3 1 0
html/template/content.go:151.51,152.20 1 1
html/template/content.go:172.2,173.27 2 0
html/template/content.go:184.2,184.50 1 0
html/template/content.go:152.20,153.40 1 1
html/template/content.go:154.15,155.30 1 1
html/template/content.go:156.12,157.36 1 0
html/template/content.go:158.13,159.37 1 0
html/template/content.go:160.17,161.41 1 0
html/template/content.go:162.11,163.35 1 0
html/template/content.go:164.14,165.38 1 0
html/template/content.go:166.12,167.36 1 0
html/template/content.go:168.15,169.39 1 0
html/template/content.go:173.27,177.17 1 0
html/template/content.go:181.3,182.6 2 0
html/template/content.go:177.17,178.12 1 0
html/template/escape.go:21.73,24.18 3 1
html/template/escape.go:29.2,29.16 1 1
html/template/escape.go:38.2,39.35 2 1
html/template/escape.go:43.2,43.12 1 1
html/template/escape.go:24.18,26.3 1 0
html/template/escape.go:26.8,26.33 1 1
html/template/escape.go:26.33,28.3 1 0
html/template/escape.go:29.16,31.36 1 0
html/template/escape.go:36.3,36.13 1 0
html/template/escape.go:31.36,35.4 3 0
html/template/escape.go:39.35,42.3 2 1
html/template/escape.go:48.35,50.20 1 0
html/template/escape.go:55.2,55.27 1 0
html/template/escape.go:58.2,58.28 1 0
html/template/escape.go:50.20,51.36 1 0
html/template/escape.go:51.36,53.4 1 0
html/template/escape.go:55.27,57.3 1 0
html/template/escape.go:112.40,123.2 1 2
html/template/escape.go:133.59,134.23 1 3
html/template/escape.go:160.2,160.55 1 0
html/template/escape.go:135.25,136.30 1 1
html/template/escape.go:137.24,140.35 3 0
html/template/escape.go:141.26,142.11 1 0
html/template/escape.go:143.27,146.35 3 0
html/template/escape.go:147.21,148.48 1 0
html/template/escape.go:149.23,150.28 1 0
html/template/escape.go:151.24,152.51 1 0
html/template/escape.go:153.27,154.32 1 0
html/template/escape.go:155.23,156.28 1 2
html/template/escape.go:157.23,158.50 1 0
html/template/escape.go:164.72,165.27 1 1
html/template/escape.go:169.2,171.39 2 1
html/template/escape.go:194.2,195.17 2 1
html/template/escape.go:248.2,248.17 1 1
html/template/escape.go:256.2,257.10 2 1
html/template/escape.go:165.27,168.3 1 0
html/template/escape.go:171.39,173.10 2 1
html/template/escape.go:183.3,184.45 2 0
html/template/escape.go:173.10,181.12 1 1
html/template/escape.go:184.45,186.78 1 0
html/template/escape.go:186.78,191.5 1 0
html/template/escape.go:196.18,197.11 1 0
html/template/escape.go:198.89,199.20 1 0
html/template/escape.go:220.15,223.23 2 0
html/template/escape.go:224.34,225.47 1 0
html/template/escape.go:226.21,227.50 1 0
html/template/escape.go:228.16,229.49 1 0
html/template/escape.go:230.17,231.46 1 1
html/template/escape.go:232.19,233.48 1 0
html/template/escape.go:234.17,234.17 0 0
html/template/escape.go:236.31,238.49 2 0
html/template/escape.go:239.19,240.48 1 0
html/template/escape.go:241.10,242.25 1 0
html/template/escape.go:200.20,202.15 2 0
html/template/escape.go:203.24,204.19 1 0
html/template/escape.go:210.27,211.46 1 0
html/template/escape.go:212.23,216.5 1 0
html/template/escape.go:217.11,218.29 1 0
html/template/escape.go:205.38,206.47 1 0
html/template/escape.go:207.12,208.50 1 0
html/template/escape.go:242.25,244.4 1 0
html/template/escape.go:244.9,245.49 1 0
html/template/escape.go:249.17,249.17 0 1
html/template/escape.go:251.26,252.49 1 0
html/template/escape.go:253.10,254.46 1 0
html/template/escape.go:263.60,264.17 1 1
html/template/escape.go:271.2,272.21 2 1
html/template/escape.go:305.2,307.35 3 1
html/template/escape.go:314.2,314.25 1 1
html/template/escape.go:323.2,323.18 1 1
html/template/escape.go:264.17,267.3 1 0
html/template/escape.go:272.21,274.64 2 1
html/template/escape.go:274.64,275.52 1 0
html/template/escape.go:275.52,277.50 1 0
html/template/escape.go:289.5,290.31 2 0
html/template/escape.go:296.5,296.12 1 0
html/template/escape.go:277.50,286.6 3 0
html/template/escape.go:290.31,291.32 1 0
html/template/escape.go:291.32,294.7 2 0
html/template/escape.go:296.12,300.6 1 0
html/template/escape.go:307.35,310.60 3 1
html/template/escape.go:310.60,312.4 1 0
html/template/escape.go:314.25,315.44 1 1
html/template/escape.go:315.44,321.4 1 1
html/template/escape.go:355.33,357.2 1 0
html/template/escape.go:361.38,362.42 1 1
html/template/escape.go:365.2,365.10 1 0
html/template/escape.go:362.42,364.3 1 1
html/template/escape.go:392.88,393.28 1 1
html/template/escape.go:400.2,400.26 1 1
html/template/escape.go:393.28,396.65 3 1
html/template/escape.go:396.65,398.4 1 0
html/template/escape.go:404.71,409.2 1 1
html/template/escape.go:423.31,424.17 1 1
html/template/escape.go:435.2,435.10 1 1
html/template/escape.go:425.16,427.26 1 0
html/template/escape.go:428.24,430.83 1 0
html/template/escape.go:431.22,433.44 1 0
html/template/escape.go:441.67,442.27 1 0
html/template/escape.go:445.2,445.27 1 0
html/template/escape.go:448.2,448.26 1 0
html/template/escape.go:451.2,451.26 1 0
html/template/escape.go:454.2,454.13 1 0
html/template/escape.go:458.2,460.13 3 0
html/template/escape.go:466.2,468.13 3 0
html/template/escape.go:479.2,479.55 1 0
html/template/escape.go:485.2,488.3 1 0
html/template/escape.go:442.27,444.3 1 0
html/template/escape.go:445.27,447.3 1 0
html/template/escape.go:448.26,450.3 1 0
html/template/escape.go:451.26,453.3 1 0
html/template/escape.go:454.13,456.3 1 0
html/template/escape.go:460.13,464.3 2 0
html/template/escape.go:468.13,472.3 2 0
html/template/escape.go:479.55,480.61 1 0
html/template/escape.go:480.61,482.4 1 0
html/template/escape.go:492.89,493.25 1 0
html/template/escape.go:496.2,497.25 2 0
html/template/escape.go:527.2,528.34 2 0
html/template/escape.go:493.25,495.3 1 0
html/template/escape.go:497.25,498.29 1 0
html/template/escape.go:501.3,502.29 2 0
html/template/escape.go:509.3,512.29 4 0
html/template/escape.go:521.3,523.29 3 0
html/template/escape.go:498.29,500.4 1 0
html/template/escape.go:502.29,504.4 1 0
html/template/escape.go:512.29,520.4 4 0
html/template/escape.go:523.29,525.4 1 0
html/template/escape.go:531.54,535.30 1 0
html/template/escape.go:543.2,543.33 1 0
html/template/escape.go:551.2,551.11 1 0
html/template/escape.go:535.30,537.29 2 0
html/template/escape.go:537.29,541.4 3 0
html/template/escape.go:543.33,545.29 2 0
html/template/escape.go:545.29,549.4 3 0
html/template/escape.go:555.68,556.14 1 1
html/template/escape.go:559.2,559.28 1 1
html/template/escape.go:565.2,565.10 1 1
html/template/escape.go:556.14,558.3 1 0
html/template/escape.go:559.28,561.27 2 3
html/template/escape.go:561.27,562.9 1 0
html/template/escape.go:572.126,576.29 3 1
html/template/escape.go:579.2,581.8 3 1
html/template/escape.go:602.2,602.14 1 1
html/template/escape.go:576.29,578.3 1 1
html/template/escape.go:581.8,583.31 1 1
html/template/escape.go:586.3,586.32 1 1
html/template/escape.go:589.3,589.31 1 1
html/template/escape.go:592.3,592.40 1 1
html/template/escape.go:595.3,595.42 1 1
html/template/escape.go:598.3,598.38 1 1
html/template/escape.go:583.31,585.4 1 1
html/template/escape.go:586.32,588.4 1 0
html/template/escape.go:589.31,591.4 1 0
html/template/escape.go:592.40,594.4 1 1
html/template/escape.go:595.42,597.4 1 0
html/template/escape.go:598.38,600.4 1 0
html/template/escape.go:606.76,608.20 2 0
html/template/escape.go:611.2,611.10 1 0
html/template/escape.go:608.20,610.3 1 0
html/template/escape.go:616.99,621.36 3 1
html/template/escape.go:625.2,626.14 2 1
html/template/escape.go:640.2,640.19 1 1
html/template/escape.go:651.2,651.37 1 1
html/template/escape.go:621.36,624.3 1 0
html/template/escape.go:626.14,629.28 1 0
html/template/escape.go:635.3,638.11 1 0
html/template/escape.go:629.28,634.4 1 0
html/template/escape.go:640.19,644.16 2 0
html/template/escape.go:649.3,649.9 1 0
html/template/escape.go:644.16,648.4 3 0
html/template/escape.go:656.74,659.9 2 1
html/template/escape.go:666.2,666.35 1 1
html/template/escape.go:672.2,672.11 1 1
html/template/escape.go:659.9,661.50 1 0
html/template/escape.go:661.50,663.4 1 0
html/template/escape.go:666.35,671.3 1 0
html/template/escape.go:678.87,679.47 1 1
html/template/escape.go:696.2,697.58 2 1
html/template/escape.go:679.47,680.29 1 1
html/template/escape.go:684.3,684.27 1 1
html/template/escape.go:690.3,690.18 1 0
html/template/escape.go:680.29,683.4 1 0
html/template/escape.go:684.27,688.4 1 1
html/template/escape.go:717.68,719.18 2 2
html/template/escape.go:775.2,775.43 1 2
html/template/escape.go:781.2,781.10 1 2
html/template/escape.go:719.18,722.53 3 13
html/template/escape.go:759.3,759.74 1 13
html/template/escape.go:769.3,769.37 1 13
html/template/escape.go:772.3,772.16 1 13
html/template/escape.go:722.53,724.27 2 5
html/template/escape.go:732.4,732.29 1 5
html/template/escape.go:724.27,725.35 1 4
html/template/escape.go:725.35,726.21 1 22
html/template/escape.go:726.21,728.12 2 4
html/template/escape.go:732.29,733.76 1 8
html/template/escape.go:733.76,737.6 3 0
html/template/escape.go:739.9,739.56 1 8
html/template/escape.go:739.56,740.19 1 0
html/template/escape.go:757.4,757.16 1 0
html/template/escape.go:741.25,749.61 1 0
html/template/escape.go:754.26,755.21 1 0
html/template/escape.go:749.61,751.6 1 0
html/template/escape.go:751.11,753.6 1 0
html/template/escape.go:759.74,762.32 2 0
html/template/escape.go:766.4,767.16 2 0
html/template/escape.go:762.32,765.5 1 0
html/template/escape.go:769.37,770.84 1 0
html/template/escape.go:775.43,776.50 1 0
html/template/escape.go:779.3,779.31 1 0
html/template/escape.go:776.50,778.4 1 0
html/template/escape.go:786.59,787.26 1 13
html/template/escape.go:800.2,801.13 2 1
html/template/escape.go:804.2,804.35 1 1
html/template/escape.go:819.2,819.17 1 1
html/template/escape.go:831.2,834.112 2 1
html/template/escape.go:838.2,838.35 1 1
html/template/escape.go:844.2,844.54 1 1
html/template/escape.go:787.26,789.13 2 12
html/template/escape.go:795.3,795.43 1 12
html/template/escape.go:789.13,793.4 1 0
html/template/escape.go:801.13,803.3 1 0
html/template/escape.go:804.35,812.51 1 0
html/template/escape.go:812.51,817.4 1 0
html/template/escape.go:819.17,824.65 1 0
html/template/escape.go:828.3,828.19 1 0
html/template/escape.go:824.65,827.4 2 0
html/template/escape.go:834.112,836.3 1 0
html/template/escape.go:838.35,841.3 1 1
html/template/escape.go:848.70,849.39 1 2
html/template/escape.go:852.2,852.29 1 2
html/template/escape.go:849.39,850.60 1 0
html/template/escape.go:856.74,857.41 1 0
html/template/escape.go:860.2,860.33 1 0
html/template/escape.go:857.41,858.60 1 0
html/template/escape.go:864.64,865.37 1 0
html/template/escape.go:868.2,868.27 1 0
html/template/escape.go:865.37,866.60 1 0
html/template/escape.go:873.28,874.29 1 1
html/template/escape.go:879.2,880.30 2 1
html/template/escape.go:885.2,885.38 1 1
html/template/escape.go:888.2,888.43 1 1
html/template/escape.go:891.2,891.36 1 1
html/template/escape.go:896.2,899.52 4 1
html/template/escape.go:874.29,876.3 1 1
html/template/escape.go:880.30,881.69 1 0
html/template/escape.go:881.69,882.42 1 0
html/template/escape.go:885.38,887.3 1 1
html/template/escape.go:888.43,890.3 1 0
html/template/escape.go:891.36,893.3 1 0
html/template/escape.go:903.60,907.14 2 2
html/template/escape.go:910.2,910.10 1 2
html/template/escape.go:907.14,909.3 1 0
html/template/escape.go:915.49,916.29 1 3
html/template/escape.go:919.2,919.37 1 0
html/template/escape.go:916.29,918.3 1 3
html/template/escape.go:926.40,928.2 1 0
html/template/escape.go:931.40,933.2 1 0
html/template/escape.go:937.38,939.2 1 0
html/template/escape.go:942.38,944.2 1 0
html/template/escape.go:947.38,949.2 1 0
html/template/escape.go:953.36,955.2 1 0
html/template/escape.go:959.42,961.2 1 0
html/template/urlpart_string.go:11.34,12.41 1 0
html/template/urlpart_string.go:15.2,15.61 1 0
html/template/urlpart_string.go:12.41,14.3 1 0
html/template/attr_string.go:11.31,12.35 1 0
html/template/attr_string.go:15.2,15.52 1 0
html/template/attr_string.go:12.35,14.3 1 0
html/template/css.go:17.51,19.11 2 0
html/template/css.go:23.2,23.12 1 0
html/template/css.go:35.2,35.43 1 0
html/template/css.go:19.11,22.3 1 0
html/template/css.go:23.12,25.21 2 0
html/template/css.go:25.21,28.4 1 0
html/template/css.go:39.31,52.2 1 0
html/template/css.go:58.33,60.13 2 0
html/template/css.go:66.2,67.18 2 0
html/template/css.go:100.2,100.10 1 0
html/template/css.go:60.13,62.3 1 0
html/template/css.go:67.18,69.14 2 0
html/template/css.go:72.3,73.17 2 0
html/template/css.go:78.3,78.18 1 0
html/template/css.go:69.14,71.4 1 0
html/template/css.go:73.17,74.9 1 0
html/template/css.go:78.18,82.43 2 0
html/template/css.go:85.4,86.27 2 0
html/template/css.go:89.4,93.44 2 0
html/template/css.go:82.43,84.5 1 0
html/template/css.go:86.27,88.5 1 0
html/template/css.go:94.9,98.4 2 0
html/template/css.go:104.25,106.2 1 0
html/template/css.go:109.31,111.22 2 0
html/template/css.go:124.2,124.10 1 0
html/template/css.go:111.22,113.10 2 0
html/template/css.go:114.29,115.22 1 0
html/template/css.go:116.29,117.25 1 0
html/template/css.go:118.29,119.25 1 0
html/template/css.go:120.11,121.48 1 0
html/template/css.go:128.36,129.17 1 0
html/template/css.go:133.2,133.14 1 0
html/template/css.go:145.2,145.10 1 0
html/template/css.go:129.17,131.3 1 0
html/template/css.go:134.29,135.15 1 0
html/template/css.go:136.12,140.34 1 0
html/template/css.go:143.3,143.15 1 0
html/template/css.go:140.34,142.4 1 0
html/template/css.go:149.30,150.11 1 0
html/template/css.go:154.2,154.14 1 0
html/template/css.go:151.35,152.14 1 0
html/template/css.go:158.37,162.33 4 0
html/template/css.go:182.2,182.18 1 0
html/template/css.go:185.2,186.19 2 0
html/template/css.go:162.33,166.10 3 0
html/template/css.go:172.3,172.19 1 0
html/template/css.go:175.3,178.89 4 0
html/template/css.go:167.74,168.33 1 0
html/template/css.go:169.11,170.12 1 0
html/template/css.go:172.19,174.4 1 0
html/template/css.go:178.89,180.4 1 0
html/template/css.go:182.18,184.3 1 0
html/template/css.go:221.41,223.25 2 0
html/template/css.go:226.2,239.22 2 0
html/template/css.go:255.2,256.80 2 0
html/template/css.go:259.2,259.18 1 0
html/template/css.go:223.25,225.3 1 0
html/template/css.go:239.22,240.12 1 0
html/template/css.go:241.77,242.25 1 0
html/template/css.go:243.12,246.31 1 0
html/template/css.go:249.11,250.49 1 0
html/template/css.go:246.31,248.5 1 0
html/template/css.go:250.49,252.5 1 0
html/template/css.go:256.80,258.3 1 0
html/template/delim_string.go:11.32,12.37 1 0
html/template/delim_string.go:15.2,15.55 1 0
html/template/delim_string.go:12.37,14.3 1 0
html/template/jsctx_string.go:11.32,12.37 1 0
html/template/jsctx_string.go:15.2,15.55 1 0
html/template/jsctx_string.go:12.37,14.3 1 0
html/template/transition.go:48.48,50.6 2 5
html/template/transition.go:50.6,52.29 2 5
html/template/transition.go:57.3,59.18 3 4
html/template/transition.go:65.3,66.13 2 4
html/template/transition.go:73.3,73.8 1 0
html/template/transition.go:52.29,54.4 1 1
html/template/transition.go:54.9,54.66 1 4
html/template/transition.go:54.66,56.4 1 0
html/template/transition.go:59.18,60.21 1 2
html/template/transition.go:63.4,63.22 1 2
html/template/transition.go:60.21,62.5 1 0
html/template/transition.go:66.13,67.11 1 4
html/template/transition.go:71.4,71.50 1 4
html/template/transition.go:67.11,69.5 1 2
html/template/transition.go:86.47,89.17 2 5
html/template/transition.go:92.2,92.17 1 5
html/template/transition.go:98.2,99.16 2 1
html/template/transition.go:102.2,103.12 2 1
html/template/transition.go:110.2,111.54 2 1
html/template/transition.go:126.2,126.17 1 1
html/template/transition.go:131.2,131.65 1 1
html/template/transition.go:89.17,91.3 1 0
html/template/transition.go:92.17,97.3 1 4
html/template/transition.go:99.16,101.3 1 0
html/template/transition.go:103.12,108.3 1 0
html/template/transition.go:111.54,113.3 1 0
html/template/transition.go:113.8,114.29 1 1
html/template/transition.go:115.23,116.18 1 0
html/template/transition.go:117.23,118.20 1 0
html/template/transition.go:119.22,120.21 1 0
html/template/transition.go:121.26,122.21 1 0
html/template/transition.go:126.17,128.3 1 0
html/template/transition.go:128.8,130.3 1 1
html/template/transition.go:135.52,137.16 2 0
html/template/transition.go:142.2,142.13 1 0
html/template/transition.go:137.16,139.3 1 0
html/template/transition.go:139.8,139.24 1 0
html/template/transition.go:139.24,141.3 1 0
html/template/transition.go:146.53,149.17 2 1
html/template/transition.go:156.2,158.17 2 1
html/template/transition.go:149.17,151.3 1 0
html/template/transition.go:151.8,151.24 1 1
html/template/transition.go:151.24,155.3 2 0
html/template/transition.go:171.55,173.17 2 1
html/template/transition.go:177.2,178.14 2 1
html/template/transition.go:184.2,185.13 2 1
html/template/transition.go:173.17,175.3 1 0
html/template/transition.go:179.12,180.35 1 0
html/template/transition.go:181.11,182.35 1 1
html/template/transition.go:189.51,190.46 1 0
html/template/transition.go:193.2,193.18 1 0
html/template/transition.go:190.46,192.3 1 0
html/template/transition.go:212.57,213.30 1 12
html/template/transition.go:218.2,218.18 1 12
html/template/transition.go:213.30,214.68 1 0
html/template/transition.go:214.68,216.4 1 0
html/template/transition.go:222.44,225.17 3 0
html/template/transition.go:243.2,243.11 1 0
html/template/transition.go:225.17,228.14 2 0
html/template/transition.go:231.3,233.63 2 0
html/template/transition.go:241.3,241.18 1 0
html/template/transition.go:228.14,230.4 1 0
html/template/transition.go:233.63,236.67 2 0
html/template/transition.go:239.4,239.19 1 0
html/template/transition.go:236.67,238.5 1 0
html/template/transition.go:247.48,249.2 1 0
html/template/transition.go:252.47,253.32 1 0
html/template/transition.go:260.2,260.18 1 0
html/template/transition.go:253.32,255.3 1 0
html/template/transition.go:255.8,255.70 1 0
html/template/transition.go:255.70,259.3 1 0
html/template/transition.go:264.46,266.13 2 0
html/template/transition.go:271.2,272.14 2 0
html/template/transition.go:296.2,296.17 1 0
html/template/transition.go:266.13,270.3 2 0
html/template/transition.go:273.11,274.47 1 0
html/template/transition.go:275.12,276.47 1 0
html/template/transition.go:277.11,278.10 1 0
html/template/transition.go:293.10,294.23 1 0
html/template/transition.go:279.38,280.36 1 0
html/template/transition.go:281.38,282.37 1 0
html/template/transition.go:283.31,284.27 1 0
html/template/transition.go:285.30,286.25 1 0
html/template/transition.go:287.11,291.13 1 0
html/template/transition.go:301.55,303.17 2 0
html/template/transition.go:310.2,311.6 2 0
html/template/transition.go:339.2,339.15 1 0
html/template/transition.go:348.2,348.18 1 0
html/template/transition.go:304.20,305.18 1 0
html/template/transition.go:306.21,307.20 1 0
html/template/transition.go:311.6,313.12 2 0
html/template/transition.go:316.3,316.15 1 0
html/template/transition.go:336.3,336.12 1 0
html/template/transition.go:313.12,314.9 1 0
html/template/transition.go:317.13,319.19 2 0
html/template/transition.go:325.12,326.20 1 0
html/template/transition.go:327.12,328.21 1 0
html/template/transition.go:329.11,331.18 1 0
html/template/transition.go:319.19,324.5 1 0
html/template/transition.go:331.18,334.5 2 0
html/template/transition.go:339.15,346.3 1 0
html/template/transition.go:354.52,356.13 2 0
html/template/transition.go:359.2,359.17 1 0
html/template/transition.go:367.2,367.17 1 0
html/template/transition.go:356.13,358.3 1 0
html/template/transition.go:360.23,361.20 1 0
html/template/transition.go:362.24,363.21 1 0
html/template/transition.go:364.10,365.26 1 0
html/template/transition.go:371.51,374.17 3 0
html/template/transition.go:390.2,391.13 2 0
html/template/transition.go:394.2,400.13 2 0
html/template/transition.go:375.22,376.58 1 0
html/template/transition.go:377.23,378.49 1 0
html/template/transition.go:386.10,387.26 1 0
html/template/transition.go:391.13,393.3 1 0
html/template/transition.go:404.47,433.6 2 0
html/template/transition.go:433.6,435.12 2 0
html/template/transition.go:438.3,438.15 1 0
html/template/transition.go:472.3,472.12 1 0
html/template/transition.go:435.12,437.4 1 0
html/template/transition.go:439.12,442.36 2 0
html/template/transition.go:454.12,455.20 1 0
html/template/transition.go:465.12,467.19 2 0
html/template/transition.go:468.13,470.19 2 0
html/template/transition.go:442.36,444.12 2 0
html/template/transition.go:452.5,452.16 1 0
html/template/transition.go:445.37,446.37 1 0
html/template/transition.go:447.38,448.37 1 0
html/template/transition.go:449.13,450.27 1 0
html/template/transition.go:455.20,456.19 1 0
html/template/transition.go:457.14,459.21 2 0
html/template/transition.go:460.14,462.21 2 0
html/template/transition.go:477.50,479.17 2 0
html/template/transition.go:492.2,493.6 2 0
html/template/transition.go:480.36,481.19 1 0
html/template/transition.go:482.36,483.19 1 0
html/template/transition.go:484.19,487.29 1 0
html/template/transition.go:488.10,489.26 1 0
html/template/transition.go:493.6,495.12 2 0
html/template/transition.go:499.3,499.19 1 0
html/template/transition.go:511.3,512.12 2 0
html/template/transition.go:495.12,498.4 2 0
html/template/transition.go:499.19,501.19 2 0
html/template/transition.go:501.19,506.5 1 0
html/template/transition.go:507.9,510.4 2 0
html/template/transition.go:517.49,519.2 1 0
html/template/transition.go:525.49,526.30 1 1
html/template/transition.go:539.2,539.20 1 0
html/template/transition.go:526.30,527.15 1 6
html/template/transition.go:528.46,529.17 1 1
html/template/transition.go:530.23,534.85 1 0
html/template/transition.go:535.11,535.11 0 5
html/template/transition.go:550.30,552.2 1 20
html/template/transition.go:555.33,557.2 1 16
html/template/transition.go:560.49,561.38 1 4
html/template/transition.go:564.2,565.17 2 4
html/template/transition.go:578.2,578.59 1 4
html/template/transition.go:561.38,563.3 1 0
html/template/transition.go:565.17,567.23 2 16
html/template/transition.go:572.3,572.70 1 4
html/template/transition.go:576.3,576.8 1 4
html/template/transition.go:567.23,569.12 2 12
html/template/transition.go:572.70,574.12 2 0
html/template/transition.go:582.41,583.30 1 7
html/template/transition.go:591.2,591.15 1 0
html/template/transition.go:583.30,584.15 1 10
html/template/transition.go:585.36,585.36 0 3
html/template/transition.go:587.11,588.12 1 7
html/template/url.go:35.36,37.25 2 0
html/template/url.go:40.2,40.19 1 0
html/template/url.go:43.2,43.10 1 0
html/template/url.go:37.25,39.3 1 0
html/template/url.go:40.19,42.3 1 0
html/template/url.go:48.31,49.84 1 0
html/template/url.go:54.2,54.13 1 0
html/template/url.go:49.84,50.126 1 0
html/template/url.go:50.126,52.4 1 0
html/template/url.go:59.37,61.2 1 0
html/template/url.go:68.40,70.2 1 0
html/template/url.go:74.50,76.25 2 0
html/template/url.go:79.2,80.33 2 0
html/template/url.go:83.2,83.10 1 0
html/template/url.go:76.25,78.3 1 0
html/template/url.go:80.33,82.3 1 0
html/template/url.go:88.64,97.36 3 0
html/template/url.go:138.2,139.21 2 0
html/template/url.go:97.36,99.12 2 0
html/template/url.go:134.3,136.18 3 0
html/template/url.go:106.82,107.12 1 0
html/template/url.go:115.27,116.12 1 0
html/template/url.go:117.12,119.62 1 0
html/template/url.go:122.11,124.28 1 0
html/template/url.go:127.4,127.28 1 0
html/template/url.go:130.4,130.28 1 0
html/template/url.go:107.12,108.13 1 0
html/template/url.go:119.62,120.13 1 0
html/template/url.go:124.28,125.13 1 0
html/template/url.go:127.28,128.13 1 0
html/template/url.go:130.28,131.13 1 0
html/template/url.go:144.49,146.11 2 0
html/template/url.go:160.2,162.30 3 0
html/template/url.go:169.2,170.19 2 0
html/template/url.go:147.25,148.11 1 0
html/template/url.go:149.22,153.34 2 0
html/template/url.go:157.3,157.43 1 0
html/template/url.go:153.34,155.4 1 0
html/template/url.go:162.30,163.18 1 0
html/template/url.go:163.18,167.4 3 0
html/template/url.go:178.31,180.2 1 0
html/template/url.go:182.43,184.2 1 0
html/template/url.go:186.74,188.45 2 0
html/template/url.go:191.2,192.33 2 0
html/template/url.go:198.2,198.41 1 0
html/template/url.go:215.2,216.31 2 0
html/template/url.go:188.45,190.3 1 0
html/template/url.go:192.33,193.24 1 0
html/template/url.go:193.24,195.9 2 0
html/template/url.go:198.41,202.32 2 0
html/template/url.go:208.3,208.17 1 0
html/template/url.go:202.32,203.38 1 0
html/template/url.go:203.38,205.10 2 0
html/template/url.go:208.17,213.4 4 0
html/template/attr.go:140.40,141.38 1 1
html/template/attr.go:153.2,153.36 1 1
html/template/attr.go:157.2,157.35 1 0
html/template/attr.go:169.2,171.33 1 0
html/template/attr.go:174.2,174.25 1 0
html/template/attr.go:141.38,146.3 1 0
html/template/attr.go:146.8,146.60 1 1
html/template/attr.go:146.60,147.24 1 0
html/template/attr.go:151.3,151.15 1 0
html/template/attr.go:147.24,149.4 1 0
html/template/attr.go:153.36,155.3 1 1
html/template/attr.go:157.35,159.3 1 0
html/template/attr.go:171.33,173.3 1 0
html/template/element_string.go:11.34,12.41 1 0
html/template/element_string.go:15.2,15.61 1 0
html/template/element_string.go:12.41,14.3 1 0
html/template/error.go:216.32,217.9 1 0
html/template/error.go:226.2,226.42 1 0
html/template/error.go:218.21,220.65 2 0
html/template/error.go:221.19,222.79 1 0
html/template/error.go:223.20,224.68 1 0
html/template/error.go:231.83,233.2 1 0
html/template/state_string.go:11.32,12.37 1 0
html/template/state_string.go:15.2,15.55 1 0
html/template/state_string.go:12.37,14.3 1 0
html/template/template.go:46.44,52.27 5 0
html/template/template.go:55.2,55.10 1 0
html/template/template.go:52.27,54.3 1 0
html/template/template.go:76.52,79.2 2 0
html/template/template.go:83.42,84.14 1 2
html/template/template.go:87.2,89.25 3 1
html/template/template.go:92.2,92.12 1 1
html/template/template.go:84.14,86.3 1 1
html/template/template.go:89.25,91.3 1 0
html/template/template.go:96.35,100.24 4 1
html/template/template.go:110.2,110.12 1 1
html/template/template.go:100.24,101.20 1 1
html/template/template.go:104.3,104.66 1 1
html/template/template.go:101.20,103.4 1 0
html/template/template.go:104.66,106.4 1 0
html/template/template.go:107.8,107.36 1 0
html/template/template.go:107.36,109.3 1 0
html/template/template.go:120.58,121.35 1 1
html/template/template.go:124.2,124.33 1 1
html/template/template.go:121.35,123.3 1 0
html/template/template.go:134.79,136.16 2 0
html/template/template.go:139.2,139.36 1 0
html/template/template.go:136.16,138.3 1 0
html/template/template.go:145.85,150.17 5 0
html/template/template.go:153.2,153.57 1 0
html/template/template.go:156.2,156.52 1 0
html/template/template.go:159.2,159.32 1 0
html/template/template.go:162.2,162.27 1 0
html/template/template.go:165.2,165.18 1 0
html/template/template.go:150.17,152.3 1 0
html/template/template.go:153.57,155.3 1 0
html/template/template.go:156.52,158.3 1 0
html/template/template.go:159.32,160.71 1 0
html/template/template.go:162.27,164.3 1 0
html/template/template.go:171.46,173.2 1 0
html/template/template.go:186.58,187.42 1 1
html/template/template.go:191.2,192.16 2 1
html/template/template.go:199.2,201.36 3 1
html/template/template.go:210.2,210.15 1 1
html/template/template.go:187.42,189.3 1 0
html/template/template.go:192.16,194.3 1 0
html/template/template.go:201.36,204.18 3 1
html/template/template.go:207.3,208.21 2 1
html/template/template.go:204.18,206.4 1 0
html/template/template.go:217.83,218.42 1 0
html/template/template.go:222.2,225.16 4 0
html/template/template.go:228.2,235.17 3 0
html/template/template.go:218.42,220.3 1 0
html/template/template.go:225.16,227.3 1 0
html/template/template.go:246.47,249.24 3 0
html/template/template.go:252.2,253.16 2 0
html/template/template.go:256.2,265.42 5 0
html/template/template.go:280.2,280.33 1 0
html/template/template.go:249.24,251.3 1 0
html/template/template.go:253.16,255.3 1 0
html/template/template.go:265.42,268.41 3 0
html/template/template.go:271.3,277.4 2 0
html/template/template.go:268.41,270.4 1 0
html/template/template.go:284.33,295.2 5 1
html/template/template.go:304.47,308.2 3 0
html/template/template.go:311.47,318.40 2 0
html/template/template.go:322.2,323.13 2 0
html/template/template.go:318.40,321.3 2 0
html/template/template.go:327.34,329.2 1 2
html/template/template.go:345.53,348.2 2 0
html/template/template.go:355.57,358.2 2 0
html/template/template.go:362.50,366.2 3 0
html/template/template.go:372.45,373.16 1 1
html/template/template.go:376.2,376.10 1 1
html/template/template.go:373.16,374.13 1 0
html/template/template.go:388.57,390.2 1 1
html/template/template.go:400.71,402.2 1 0
html/template/template.go:406.117,407.42 1 1
html/template/template.go:411.2,411.25 1 1
html/template/template.go:415.2,415.37 1 1
html/template/template.go:441.2,441.15 1 1
html/template/template.go:407.42,409.3 1 0
html/template/template.go:411.25,414.3 1 0
html/template/template.go:415.37,417.17 2 1
html/template/template.go:420.3,428.15 3 1
html/template/template.go:431.3,431.23 1 1
html/template/template.go:436.3,437.17 2 1
html/template/template.go:417.17,419.4 1 0
html/template/template.go:428.15,430.4 1 1
html/template/template.go:431.23,433.4 1 1
html/template/template.go:433.9,435.4 1 0
html/template/template.go:437.17,439.4 1 0
html/template/template.go:453.51,455.2 1 0
html/template/template.go:467.65,469.2 1 0
html/template/template.go:472.64,473.42 1 0
html/template/template.go:476.2,477.16 2 0
html/template/template.go:480.2,480.25 1 0
html/template/template.go:483.2,483.48 1 0
html/template/template.go:473.42,475.3 1 0
html/template/template.go:477.16,479.3 1 0
html/template/template.go:480.25,482.3 1 0
html/template/template.go:489.39,491.2 1 0
html/template/template.go:497.63,499.2 1 0
html/template/template.go:505.77,507.2 1 0
html/template/template.go:509.77,511.35 2 0
html/template/template.go:521.2,521.54 1 0
html/template/template.go:511.35,513.17 2 0
html/template/template.go:516.3,516.21 1 0
html/template/template.go:519.3,519.41 1 0
html/template/template.go:513.17,515.4 1 0
html/template/template.go:516.21,518.4 1 0
html/template/template.go:524.65,528.2 3 1
html/template/template.go:530.66,531.62 1 0
html/template/template.go:531.62,535.3 3 0
html/template/context.go:30.34,32.18 2 0
html/template/context.go:35.2,35.108 1 0
html/template/context.go:32.18,34.3 1 0
html/template/context.go:39.37,47.2 1 0
html/template/context.go:51.53,53.26 1 1
html/template/context.go:56.2,57.26 2 0
html/template/context.go:60.2,60.30 1 0
html/template/context.go:63.2,63.28 1 0
html/template/context.go:66.2,66.24 1 0
html/template/context.go:69.2,69.30 1 0
html/template/context.go:72.2,72.10 1 0
html/template/context.go:53.26,55.3 1 1
html/template/context.go:57.26,59.3 1 0
html/template/context.go:60.30,62.3 1 0
html/template/context.go:63.28,65.3 1 0
html/template/context.go:66.24,68.3 1 0
html/template/context.go:69.30,71.3 1 0
html/template/context.go:152.30,153.11 1 20
html/template/context.go:157.2,157.14 1 20
html/template/context.go:154.88,155.14 1 0
html/template/context.go:161.28,162.11 1 0
html/template/context.go:166.2,166.14 1 0
html/template/context.go:163.76,164.14 1 0
